13:43:39: [INFO] [C:\Users\saman\OneDrive\Documents\GitHub\ss-autonomy-bootcamp-2025-p2\modules\heartbeat\heartbeat_receiver_worker.py | heartbeat_receiver_worker | 46] Logger initialized
13:43:39: [INFO] [C:\Users\saman\OneDrive\Documents\GitHub\ss-autonomy-bootcamp-2025-p2\modules\heartbeat\heartbeat_receiver.py | run | 60] Reconnected
13:43:39: [INFO] [C:\Users\saman\OneDrive\Documents\GitHub\ss-autonomy-bootcamp-2025-p2\modules\heartbeat\heartbeat_receiver.py | run | 63] Status: Connected
13:43:40: [INFO] [C:\Users\saman\OneDrive\Documents\GitHub\ss-autonomy-bootcamp-2025-p2\modules\heartbeat\heartbeat_receiver_worker.py | heartbeat_receiver_worker | 62] Current state: Connected
13:43:40: [INFO] [C:\Users\saman\OneDrive\Documents\GitHub\ss-autonomy-bootcamp-2025-p2\modules\heartbeat\heartbeat_receiver.py | run | 63] Status: Connected
13:43:41: [INFO] [C:\Users\saman\OneDrive\Documents\GitHub\ss-autonomy-bootcamp-2025-p2\modules\heartbeat\heartbeat_receiver_worker.py | heartbeat_receiver_worker | 62] Current state: Connected
13:43:41: [INFO] [C:\Users\saman\OneDrive\Documents\GitHub\ss-autonomy-bootcamp-2025-p2\modules\heartbeat\heartbeat_receiver.py | run | 63] Status: Connected
13:43:42: [INFO] [C:\Users\saman\OneDrive\Documents\GitHub\ss-autonomy-bootcamp-2025-p2\modules\heartbeat\heartbeat_receiver_worker.py | heartbeat_receiver_worker | 62] Current state: Connected
13:43:42: [INFO] [C:\Users\saman\OneDrive\Documents\GitHub\ss-autonomy-bootcamp-2025-p2\modules\heartbeat\heartbeat_receiver.py | run | 63] Status: Connected
13:43:43: [INFO] [C:\Users\saman\OneDrive\Documents\GitHub\ss-autonomy-bootcamp-2025-p2\modules\heartbeat\heartbeat_receiver_worker.py | heartbeat_receiver_worker | 62] Current state: Connected
13:43:43: [INFO] [C:\Users\saman\OneDrive\Documents\GitHub\ss-autonomy-bootcamp-2025-p2\modules\heartbeat\heartbeat_receiver.py | run | 63] Status: Connected
13:43:44: [INFO] [C:\Users\saman\OneDrive\Documents\GitHub\ss-autonomy-bootcamp-2025-p2\modules\heartbeat\heartbeat_receiver_worker.py | heartbeat_receiver_worker | 62] Current state: Connected
13:43:44: [WARNING] [C:\Users\saman\OneDrive\Documents\GitHub\ss-autonomy-bootcamp-2025-p2\modules\heartbeat\heartbeat_receiver.py | run | 66] Did not receive heartbeat. Count: 1
13:43:45: [INFO] [C:\Users\saman\OneDrive\Documents\GitHub\ss-autonomy-bootcamp-2025-p2\modules\heartbeat\heartbeat_receiver_worker.py | heartbeat_receiver_worker | 62] Current state: Connected
13:43:45: [WARNING] [C:\Users\saman\OneDrive\Documents\GitHub\ss-autonomy-bootcamp-2025-p2\modules\heartbeat\heartbeat_receiver.py | run | 66] Did not receive heartbeat. Count: 2
13:43:46: [INFO] [C:\Users\saman\OneDrive\Documents\GitHub\ss-autonomy-bootcamp-2025-p2\modules\heartbeat\heartbeat_receiver_worker.py | heartbeat_receiver_worker | 62] Current state: Connected
13:43:46: [WARNING] [C:\Users\saman\OneDrive\Documents\GitHub\ss-autonomy-bootcamp-2025-p2\modules\heartbeat\heartbeat_receiver.py | run | 66] Did not receive heartbeat. Count: 3
13:43:47: [INFO] [C:\Users\saman\OneDrive\Documents\GitHub\ss-autonomy-bootcamp-2025-p2\modules\heartbeat\heartbeat_receiver_worker.py | heartbeat_receiver_worker | 62] Current state: Connected
13:43:47: [WARNING] [C:\Users\saman\OneDrive\Documents\GitHub\ss-autonomy-bootcamp-2025-p2\modules\heartbeat\heartbeat_receiver.py | run | 66] Did not receive heartbeat. Count: 4
13:43:48: [INFO] [C:\Users\saman\OneDrive\Documents\GitHub\ss-autonomy-bootcamp-2025-p2\modules\heartbeat\heartbeat_receiver_worker.py | heartbeat_receiver_worker | 62] Current state: Connected
13:43:48: [WARNING] [C:\Users\saman\OneDrive\Documents\GitHub\ss-autonomy-bootcamp-2025-p2\modules\heartbeat\heartbeat_receiver.py | run | 66] Did not receive heartbeat. Count: 5
13:43:48: [WARNING] [C:\Users\saman\OneDrive\Documents\GitHub\ss-autonomy-bootcamp-2025-p2\modules\heartbeat\heartbeat_receiver.py | run | 72] Lost connection
13:43:49: [INFO] [C:\Users\saman\OneDrive\Documents\GitHub\ss-autonomy-bootcamp-2025-p2\modules\heartbeat\heartbeat_receiver_worker.py | heartbeat_receiver_worker | 62] Current state: Disconnected
13:43:49: [WARNING] [C:\Users\saman\OneDrive\Documents\GitHub\ss-autonomy-bootcamp-2025-p2\modules\heartbeat\heartbeat_receiver.py | run | 66] Did not receive heartbeat. Count: 6
13:43:50: [INFO] [C:\Users\saman\OneDrive\Documents\GitHub\ss-autonomy-bootcamp-2025-p2\modules\heartbeat\heartbeat_receiver_worker.py | heartbeat_receiver_worker | 62] Current state: Disconnected
13:43:50: [WARNING] [C:\Users\saman\OneDrive\Documents\GitHub\ss-autonomy-bootcamp-2025-p2\modules\heartbeat\heartbeat_receiver.py | run | 66] Did not receive heartbeat. Count: 7
13:43:51: [INFO] [C:\Users\saman\OneDrive\Documents\GitHub\ss-autonomy-bootcamp-2025-p2\modules\heartbeat\heartbeat_receiver_worker.py | heartbeat_receiver_worker | 62] Current state: Disconnected
13:43:51: [WARNING] [C:\Users\saman\OneDrive\Documents\GitHub\ss-autonomy-bootcamp-2025-p2\modules\heartbeat\heartbeat_receiver.py | run | 66] Did not receive heartbeat. Count: 8
13:43:52: [INFO] [C:\Users\saman\OneDrive\Documents\GitHub\ss-autonomy-bootcamp-2025-p2\modules\heartbeat\heartbeat_receiver_worker.py | heartbeat_receiver_worker | 62] Current state: Disconnected
13:43:52: [INFO] [C:\Users\saman\OneDrive\Documents\GitHub\ss-autonomy-bootcamp-2025-p2\modules\heartbeat\heartbeat_receiver.py | run | 60] Reconnected
13:43:52: [INFO] [C:\Users\saman\OneDrive\Documents\GitHub\ss-autonomy-bootcamp-2025-p2\modules\heartbeat\heartbeat_receiver.py | run | 63] Status: Connected
13:43:53: [INFO] [C:\Users\saman\OneDrive\Documents\GitHub\ss-autonomy-bootcamp-2025-p2\modules\heartbeat\heartbeat_receiver_worker.py | heartbeat_receiver_worker | 62] Current state: Connected
13:43:53: [INFO] [C:\Users\saman\OneDrive\Documents\GitHub\ss-autonomy-bootcamp-2025-p2\modules\heartbeat\heartbeat_receiver.py | run | 63] Status: Connected
13:43:54: [INFO] [C:\Users\saman\OneDrive\Documents\GitHub\ss-autonomy-bootcamp-2025-p2\modules\heartbeat\heartbeat_receiver_worker.py | heartbeat_receiver_worker | 62] Current state: Connected
13:43:54: [INFO] [C:\Users\saman\OneDrive\Documents\GitHub\ss-autonomy-bootcamp-2025-p2\modules\heartbeat\heartbeat_receiver.py | run | 63] Status: Connected
13:43:55: [INFO] [C:\Users\saman\OneDrive\Documents\GitHub\ss-autonomy-bootcamp-2025-p2\modules\heartbeat\heartbeat_receiver_worker.py | heartbeat_receiver_worker | 62] Current state: Connected
13:43:55: [INFO] [C:\Users\saman\OneDrive\Documents\GitHub\ss-autonomy-bootcamp-2025-p2\modules\heartbeat\heartbeat_receiver.py | run | 63] Status: Connected
13:43:56: [INFO] [C:\Users\saman\OneDrive\Documents\GitHub\ss-autonomy-bootcamp-2025-p2\modules\heartbeat\heartbeat_receiver_worker.py | heartbeat_receiver_worker | 62] Current state: Connected
13:43:56: [INFO] [C:\Users\saman\OneDrive\Documents\GitHub\ss-autonomy-bootcamp-2025-p2\modules\heartbeat\heartbeat_receiver.py | run | 63] Status: Connected
13:43:57: [INFO] [C:\Users\saman\OneDrive\Documents\GitHub\ss-autonomy-bootcamp-2025-p2\modules\heartbeat\heartbeat_receiver_worker.py | heartbeat_receiver_worker | 62] Current state: Connected
13:43:57: [WARNING] [C:\Users\saman\OneDrive\Documents\GitHub\ss-autonomy-bootcamp-2025-p2\modules\heartbeat\heartbeat_receiver.py | run | 66] Did not receive heartbeat. Count: 1
13:43:58: [INFO] [C:\Users\saman\OneDrive\Documents\GitHub\ss-autonomy-bootcamp-2025-p2\modules\heartbeat\heartbeat_receiver_worker.py | heartbeat_receiver_worker | 62] Current state: Connected
13:43:58: [INFO] [C:\Users\saman\OneDrive\Documents\GitHub\ss-autonomy-bootcamp-2025-p2\modules\heartbeat\heartbeat_receiver.py | run | 63] Status: Connected
13:43:59: [INFO] [C:\Users\saman\OneDrive\Documents\GitHub\ss-autonomy-bootcamp-2025-p2\modules\heartbeat\heartbeat_receiver_worker.py | heartbeat_receiver_worker | 62] Current state: Connected
13:43:59: [WARNING] [C:\Users\saman\OneDrive\Documents\GitHub\ss-autonomy-bootcamp-2025-p2\modules\heartbeat\heartbeat_receiver.py | run | 66] Did not receive heartbeat. Count: 1
13:44:00: [INFO] [C:\Users\saman\OneDrive\Documents\GitHub\ss-autonomy-bootcamp-2025-p2\modules\heartbeat\heartbeat_receiver_worker.py | heartbeat_receiver_worker | 62] Current state: Connected
