20:33:05: [INFO] [C:\Users\saman\OneDrive\Documents\GitHub\ss-autonomy-bootcamp-2025-p2\modules\heartbeat\heartbeat_receiver_worker.py | heartbeat_receiver_worker | 46] Logger initialized
20:33:05: [INFO] [C:\Users\saman\OneDrive\Documents\GitHub\ss-autonomy-bootcamp-2025-p2\modules\heartbeat\heartbeat_receiver.py | run | 60] Reconnected
20:33:05: [INFO] [C:\Users\saman\OneDrive\Documents\GitHub\ss-autonomy-bootcamp-2025-p2\modules\heartbeat\heartbeat_receiver.py | run | 63] Status: Connected
20:33:06: [INFO] [C:\Users\saman\OneDrive\Documents\GitHub\ss-autonomy-bootcamp-2025-p2\modules\heartbeat\heartbeat_receiver_worker.py | heartbeat_receiver_worker | 62] Current state: Connected
20:33:06: [INFO] [C:\Users\saman\OneDrive\Documents\GitHub\ss-autonomy-bootcamp-2025-p2\modules\heartbeat\heartbeat_receiver.py | run | 63] Status: Connected
20:33:07: [INFO] [C:\Users\saman\OneDrive\Documents\GitHub\ss-autonomy-bootcamp-2025-p2\modules\heartbeat\heartbeat_receiver_worker.py | heartbeat_receiver_worker | 62] Current state: Connected
20:33:07: [INFO] [C:\Users\saman\OneDrive\Documents\GitHub\ss-autonomy-bootcamp-2025-p2\modules\heartbeat\heartbeat_receiver.py | run | 63] Status: Connected
20:33:08: [INFO] [C:\Users\saman\OneDrive\Documents\GitHub\ss-autonomy-bootcamp-2025-p2\modules\heartbeat\heartbeat_receiver_worker.py | heartbeat_receiver_worker | 62] Current state: Connected
20:33:08: [INFO] [C:\Users\saman\OneDrive\Documents\GitHub\ss-autonomy-bootcamp-2025-p2\modules\heartbeat\heartbeat_receiver.py | run | 63] Status: Connected
20:33:09: [INFO] [C:\Users\saman\OneDrive\Documents\GitHub\ss-autonomy-bootcamp-2025-p2\modules\heartbeat\heartbeat_receiver_worker.py | heartbeat_receiver_worker | 62] Current state: Connected
20:33:09: [INFO] [C:\Users\saman\OneDrive\Documents\GitHub\ss-autonomy-bootcamp-2025-p2\modules\heartbeat\heartbeat_receiver.py | run | 63] Status: Connected
20:33:10: [INFO] [C:\Users\saman\OneDrive\Documents\GitHub\ss-autonomy-bootcamp-2025-p2\modules\heartbeat\heartbeat_receiver_worker.py | heartbeat_receiver_worker | 62] Current state: Connected
20:33:10: [WARNING] [C:\Users\saman\OneDrive\Documents\GitHub\ss-autonomy-bootcamp-2025-p2\modules\heartbeat\heartbeat_receiver.py | run | 66] Did not receive heartbeat. Count: 1
20:33:11: [INFO] [C:\Users\saman\OneDrive\Documents\GitHub\ss-autonomy-bootcamp-2025-p2\modules\heartbeat\heartbeat_receiver_worker.py | heartbeat_receiver_worker | 62] Current state: Connected
20:33:11: [WARNING] [C:\Users\saman\OneDrive\Documents\GitHub\ss-autonomy-bootcamp-2025-p2\modules\heartbeat\heartbeat_receiver.py | run | 66] Did not receive heartbeat. Count: 2
20:33:12: [INFO] [C:\Users\saman\OneDrive\Documents\GitHub\ss-autonomy-bootcamp-2025-p2\modules\heartbeat\heartbeat_receiver_worker.py | heartbeat_receiver_worker | 62] Current state: Connected
20:33:12: [WARNING] [C:\Users\saman\OneDrive\Documents\GitHub\ss-autonomy-bootcamp-2025-p2\modules\heartbeat\heartbeat_receiver.py | run | 66] Did not receive heartbeat. Count: 3
20:33:13: [INFO] [C:\Users\saman\OneDrive\Documents\GitHub\ss-autonomy-bootcamp-2025-p2\modules\heartbeat\heartbeat_receiver_worker.py | heartbeat_receiver_worker | 62] Current state: Connected
20:33:13: [WARNING] [C:\Users\saman\OneDrive\Documents\GitHub\ss-autonomy-bootcamp-2025-p2\modules\heartbeat\heartbeat_receiver.py | run | 66] Did not receive heartbeat. Count: 4
20:33:14: [INFO] [C:\Users\saman\OneDrive\Documents\GitHub\ss-autonomy-bootcamp-2025-p2\modules\heartbeat\heartbeat_receiver_worker.py | heartbeat_receiver_worker | 62] Current state: Connected
20:33:14: [WARNING] [C:\Users\saman\OneDrive\Documents\GitHub\ss-autonomy-bootcamp-2025-p2\modules\heartbeat\heartbeat_receiver.py | run | 66] Did not receive heartbeat. Count: 5
20:33:14: [WARNING] [C:\Users\saman\OneDrive\Documents\GitHub\ss-autonomy-bootcamp-2025-p2\modules\heartbeat\heartbeat_receiver.py | run | 72] Lost connection
20:33:15: [INFO] [C:\Users\saman\OneDrive\Documents\GitHub\ss-autonomy-bootcamp-2025-p2\modules\heartbeat\heartbeat_receiver_worker.py | heartbeat_receiver_worker | 62] Current state: Disconnected
20:33:15: [WARNING] [C:\Users\saman\OneDrive\Documents\GitHub\ss-autonomy-bootcamp-2025-p2\modules\heartbeat\heartbeat_receiver.py | run | 66] Did not receive heartbeat. Count: 6
20:33:16: [INFO] [C:\Users\saman\OneDrive\Documents\GitHub\ss-autonomy-bootcamp-2025-p2\modules\heartbeat\heartbeat_receiver_worker.py | heartbeat_receiver_worker | 62] Current state: Disconnected
20:33:16: [WARNING] [C:\Users\saman\OneDrive\Documents\GitHub\ss-autonomy-bootcamp-2025-p2\modules\heartbeat\heartbeat_receiver.py | run | 66] Did not receive heartbeat. Count: 7
20:33:17: [INFO] [C:\Users\saman\OneDrive\Documents\GitHub\ss-autonomy-bootcamp-2025-p2\modules\heartbeat\heartbeat_receiver_worker.py | heartbeat_receiver_worker | 62] Current state: Disconnected
20:33:17: [WARNING] [C:\Users\saman\OneDrive\Documents\GitHub\ss-autonomy-bootcamp-2025-p2\modules\heartbeat\heartbeat_receiver.py | run | 66] Did not receive heartbeat. Count: 8
20:33:18: [INFO] [C:\Users\saman\OneDrive\Documents\GitHub\ss-autonomy-bootcamp-2025-p2\modules\heartbeat\heartbeat_receiver_worker.py | heartbeat_receiver_worker | 62] Current state: Disconnected
20:33:18: [INFO] [C:\Users\saman\OneDrive\Documents\GitHub\ss-autonomy-bootcamp-2025-p2\modules\heartbeat\heartbeat_receiver.py | run | 60] Reconnected
20:33:18: [INFO] [C:\Users\saman\OneDrive\Documents\GitHub\ss-autonomy-bootcamp-2025-p2\modules\heartbeat\heartbeat_receiver.py | run | 63] Status: Connected
20:33:19: [INFO] [C:\Users\saman\OneDrive\Documents\GitHub\ss-autonomy-bootcamp-2025-p2\modules\heartbeat\heartbeat_receiver_worker.py | heartbeat_receiver_worker | 62] Current state: Connected
20:33:19: [INFO] [C:\Users\saman\OneDrive\Documents\GitHub\ss-autonomy-bootcamp-2025-p2\modules\heartbeat\heartbeat_receiver.py | run | 63] Status: Connected
20:33:20: [INFO] [C:\Users\saman\OneDrive\Documents\GitHub\ss-autonomy-bootcamp-2025-p2\modules\heartbeat\heartbeat_receiver_worker.py | heartbeat_receiver_worker | 62] Current state: Connected
20:33:20: [INFO] [C:\Users\saman\OneDrive\Documents\GitHub\ss-autonomy-bootcamp-2025-p2\modules\heartbeat\heartbeat_receiver.py | run | 63] Status: Connected
20:33:21: [INFO] [C:\Users\saman\OneDrive\Documents\GitHub\ss-autonomy-bootcamp-2025-p2\modules\heartbeat\heartbeat_receiver_worker.py | heartbeat_receiver_worker | 62] Current state: Connected
20:33:21: [INFO] [C:\Users\saman\OneDrive\Documents\GitHub\ss-autonomy-bootcamp-2025-p2\modules\heartbeat\heartbeat_receiver.py | run | 63] Status: Connected
20:33:22: [INFO] [C:\Users\saman\OneDrive\Documents\GitHub\ss-autonomy-bootcamp-2025-p2\modules\heartbeat\heartbeat_receiver_worker.py | heartbeat_receiver_worker | 62] Current state: Connected
20:33:22: [INFO] [C:\Users\saman\OneDrive\Documents\GitHub\ss-autonomy-bootcamp-2025-p2\modules\heartbeat\heartbeat_receiver.py | run | 63] Status: Connected
20:33:23: [INFO] [C:\Users\saman\OneDrive\Documents\GitHub\ss-autonomy-bootcamp-2025-p2\modules\heartbeat\heartbeat_receiver_worker.py | heartbeat_receiver_worker | 62] Current state: Connected
20:33:23: [WARNING] [C:\Users\saman\OneDrive\Documents\GitHub\ss-autonomy-bootcamp-2025-p2\modules\heartbeat\heartbeat_receiver.py | run | 66] Did not receive heartbeat. Count: 1
20:33:24: [INFO] [C:\Users\saman\OneDrive\Documents\GitHub\ss-autonomy-bootcamp-2025-p2\modules\heartbeat\heartbeat_receiver_worker.py | heartbeat_receiver_worker | 62] Current state: Connected
20:33:24: [INFO] [C:\Users\saman\OneDrive\Documents\GitHub\ss-autonomy-bootcamp-2025-p2\modules\heartbeat\heartbeat_receiver.py | run | 63] Status: Connected
20:33:25: [INFO] [C:\Users\saman\OneDrive\Documents\GitHub\ss-autonomy-bootcamp-2025-p2\modules\heartbeat\heartbeat_receiver_worker.py | heartbeat_receiver_worker | 62] Current state: Connected
20:33:25: [WARNING] [C:\Users\saman\OneDrive\Documents\GitHub\ss-autonomy-bootcamp-2025-p2\modules\heartbeat\heartbeat_receiver.py | run | 66] Did not receive heartbeat. Count: 1
20:33:26: [INFO] [C:\Users\saman\OneDrive\Documents\GitHub\ss-autonomy-bootcamp-2025-p2\modules\heartbeat\heartbeat_receiver_worker.py | heartbeat_receiver_worker | 62] Current state: Connected
