20:40:03: [INFO] [C:\Users\saman\OneDrive\Documents\GitHub\ss-autonomy-bootcamp-2025-p2\modules\heartbeat\heartbeat_receiver_worker.py | heartbeat_receiver_worker | 47] Logger initialized
20:40:03: [INFO] [C:\Users\saman\OneDrive\Documents\GitHub\ss-autonomy-bootcamp-2025-p2\modules\heartbeat\heartbeat_receiver.py | run | 60] Reconnected
20:40:03: [INFO] [C:\Users\saman\OneDrive\Documents\GitHub\ss-autonomy-bootcamp-2025-p2\modules\heartbeat\heartbeat_receiver.py | run | 63] Status: Connected
20:40:04: [INFO] [C:\Users\saman\OneDrive\Documents\GitHub\ss-autonomy-bootcamp-2025-p2\modules\heartbeat\heartbeat_receiver_worker.py | heartbeat_receiver_worker | 64] Current state: Connected
20:40:04: [INFO] [C:\Users\saman\OneDrive\Documents\GitHub\ss-autonomy-bootcamp-2025-p2\modules\heartbeat\heartbeat_receiver.py | run | 63] Status: Connected
20:40:05: [INFO] [C:\Users\saman\OneDrive\Documents\GitHub\ss-autonomy-bootcamp-2025-p2\modules\heartbeat\heartbeat_receiver_worker.py | heartbeat_receiver_worker | 64] Current state: Connected
20:40:05: [INFO] [C:\Users\saman\OneDrive\Documents\GitHub\ss-autonomy-bootcamp-2025-p2\modules\heartbeat\heartbeat_receiver.py | run | 63] Status: Connected
20:40:06: [INFO] [C:\Users\saman\OneDrive\Documents\GitHub\ss-autonomy-bootcamp-2025-p2\modules\heartbeat\heartbeat_receiver_worker.py | heartbeat_receiver_worker | 64] Current state: Connected
20:40:06: [INFO] [C:\Users\saman\OneDrive\Documents\GitHub\ss-autonomy-bootcamp-2025-p2\modules\heartbeat\heartbeat_receiver.py | run | 63] Status: Connected
20:40:07: [INFO] [C:\Users\saman\OneDrive\Documents\GitHub\ss-autonomy-bootcamp-2025-p2\modules\heartbeat\heartbeat_receiver_worker.py | heartbeat_receiver_worker | 64] Current state: Connected
20:40:07: [INFO] [C:\Users\saman\OneDrive\Documents\GitHub\ss-autonomy-bootcamp-2025-p2\modules\heartbeat\heartbeat_receiver.py | run | 63] Status: Connected
20:40:08: [INFO] [C:\Users\saman\OneDrive\Documents\GitHub\ss-autonomy-bootcamp-2025-p2\modules\heartbeat\heartbeat_receiver_worker.py | heartbeat_receiver_worker | 64] Current state: Connected
20:40:08: [WARNING] [C:\Users\saman\OneDrive\Documents\GitHub\ss-autonomy-bootcamp-2025-p2\modules\heartbeat\heartbeat_receiver.py | run | 66] Did not receive heartbeat. Count: 1
20:40:09: [INFO] [C:\Users\saman\OneDrive\Documents\GitHub\ss-autonomy-bootcamp-2025-p2\modules\heartbeat\heartbeat_receiver_worker.py | heartbeat_receiver_worker | 64] Current state: Disconnected
20:40:09: [WARNING] [C:\Users\saman\OneDrive\Documents\GitHub\ss-autonomy-bootcamp-2025-p2\modules\heartbeat\heartbeat_receiver.py | run | 66] Did not receive heartbeat. Count: 2
20:40:10: [INFO] [C:\Users\saman\OneDrive\Documents\GitHub\ss-autonomy-bootcamp-2025-p2\modules\heartbeat\heartbeat_receiver_worker.py | heartbeat_receiver_worker | 64] Current state: Disconnected
20:40:10: [WARNING] [C:\Users\saman\OneDrive\Documents\GitHub\ss-autonomy-bootcamp-2025-p2\modules\heartbeat\heartbeat_receiver.py | run | 66] Did not receive heartbeat. Count: 3
20:40:11: [INFO] [C:\Users\saman\OneDrive\Documents\GitHub\ss-autonomy-bootcamp-2025-p2\modules\heartbeat\heartbeat_receiver_worker.py | heartbeat_receiver_worker | 64] Current state: Disconnected
20:40:11: [WARNING] [C:\Users\saman\OneDrive\Documents\GitHub\ss-autonomy-bootcamp-2025-p2\modules\heartbeat\heartbeat_receiver.py | run | 66] Did not receive heartbeat. Count: 4
20:40:12: [INFO] [C:\Users\saman\OneDrive\Documents\GitHub\ss-autonomy-bootcamp-2025-p2\modules\heartbeat\heartbeat_receiver_worker.py | heartbeat_receiver_worker | 64] Current state: Disconnected
20:40:12: [WARNING] [C:\Users\saman\OneDrive\Documents\GitHub\ss-autonomy-bootcamp-2025-p2\modules\heartbeat\heartbeat_receiver.py | run | 66] Did not receive heartbeat. Count: 5
20:40:12: [WARNING] [C:\Users\saman\OneDrive\Documents\GitHub\ss-autonomy-bootcamp-2025-p2\modules\heartbeat\heartbeat_receiver.py | run | 73] Lost connection
20:40:13: [INFO] [C:\Users\saman\OneDrive\Documents\GitHub\ss-autonomy-bootcamp-2025-p2\modules\heartbeat\heartbeat_receiver_worker.py | heartbeat_receiver_worker | 64] Current state: Disconnected
20:40:13: [WARNING] [C:\Users\saman\OneDrive\Documents\GitHub\ss-autonomy-bootcamp-2025-p2\modules\heartbeat\heartbeat_receiver.py | run | 66] Did not receive heartbeat. Count: 6
20:40:13: [WARNING] [C:\Users\saman\OneDrive\Documents\GitHub\ss-autonomy-bootcamp-2025-p2\modules\heartbeat\heartbeat_receiver.py | run | 73] Lost connection
20:40:14: [INFO] [C:\Users\saman\OneDrive\Documents\GitHub\ss-autonomy-bootcamp-2025-p2\modules\heartbeat\heartbeat_receiver_worker.py | heartbeat_receiver_worker | 64] Current state: Disconnected
20:40:14: [WARNING] [C:\Users\saman\OneDrive\Documents\GitHub\ss-autonomy-bootcamp-2025-p2\modules\heartbeat\heartbeat_receiver.py | run | 66] Did not receive heartbeat. Count: 7
20:40:14: [WARNING] [C:\Users\saman\OneDrive\Documents\GitHub\ss-autonomy-bootcamp-2025-p2\modules\heartbeat\heartbeat_receiver.py | run | 73] Lost connection
20:40:15: [INFO] [C:\Users\saman\OneDrive\Documents\GitHub\ss-autonomy-bootcamp-2025-p2\modules\heartbeat\heartbeat_receiver_worker.py | heartbeat_receiver_worker | 64] Current state: Disconnected
20:40:15: [WARNING] [C:\Users\saman\OneDrive\Documents\GitHub\ss-autonomy-bootcamp-2025-p2\modules\heartbeat\heartbeat_receiver.py | run | 66] Did not receive heartbeat. Count: 8
20:40:15: [WARNING] [C:\Users\saman\OneDrive\Documents\GitHub\ss-autonomy-bootcamp-2025-p2\modules\heartbeat\heartbeat_receiver.py | run | 73] Lost connection
20:40:16: [INFO] [C:\Users\saman\OneDrive\Documents\GitHub\ss-autonomy-bootcamp-2025-p2\modules\heartbeat\heartbeat_receiver_worker.py | heartbeat_receiver_worker | 64] Current state: Disconnected
20:40:16: [INFO] [C:\Users\saman\OneDrive\Documents\GitHub\ss-autonomy-bootcamp-2025-p2\modules\heartbeat\heartbeat_receiver.py | run | 60] Reconnected
20:40:16: [INFO] [C:\Users\saman\OneDrive\Documents\GitHub\ss-autonomy-bootcamp-2025-p2\modules\heartbeat\heartbeat_receiver.py | run | 63] Status: Connected
20:40:17: [INFO] [C:\Users\saman\OneDrive\Documents\GitHub\ss-autonomy-bootcamp-2025-p2\modules\heartbeat\heartbeat_receiver_worker.py | heartbeat_receiver_worker | 64] Current state: Connected
20:40:17: [INFO] [C:\Users\saman\OneDrive\Documents\GitHub\ss-autonomy-bootcamp-2025-p2\modules\heartbeat\heartbeat_receiver.py | run | 63] Status: Connected
20:40:18: [INFO] [C:\Users\saman\OneDrive\Documents\GitHub\ss-autonomy-bootcamp-2025-p2\modules\heartbeat\heartbeat_receiver_worker.py | heartbeat_receiver_worker | 64] Current state: Connected
20:40:18: [INFO] [C:\Users\saman\OneDrive\Documents\GitHub\ss-autonomy-bootcamp-2025-p2\modules\heartbeat\heartbeat_receiver.py | run | 63] Status: Connected
20:40:19: [INFO] [C:\Users\saman\OneDrive\Documents\GitHub\ss-autonomy-bootcamp-2025-p2\modules\heartbeat\heartbeat_receiver_worker.py | heartbeat_receiver_worker | 64] Current state: Connected
20:40:19: [INFO] [C:\Users\saman\OneDrive\Documents\GitHub\ss-autonomy-bootcamp-2025-p2\modules\heartbeat\heartbeat_receiver.py | run | 63] Status: Connected
20:40:20: [INFO] [C:\Users\saman\OneDrive\Documents\GitHub\ss-autonomy-bootcamp-2025-p2\modules\heartbeat\heartbeat_receiver_worker.py | heartbeat_receiver_worker | 64] Current state: Connected
20:40:20: [INFO] [C:\Users\saman\OneDrive\Documents\GitHub\ss-autonomy-bootcamp-2025-p2\modules\heartbeat\heartbeat_receiver.py | run | 63] Status: Connected
20:40:21: [INFO] [C:\Users\saman\OneDrive\Documents\GitHub\ss-autonomy-bootcamp-2025-p2\modules\heartbeat\heartbeat_receiver_worker.py | heartbeat_receiver_worker | 64] Current state: Connected
20:40:21: [WARNING] [C:\Users\saman\OneDrive\Documents\GitHub\ss-autonomy-bootcamp-2025-p2\modules\heartbeat\heartbeat_receiver.py | run | 66] Did not receive heartbeat. Count: 1
20:40:22: [INFO] [C:\Users\saman\OneDrive\Documents\GitHub\ss-autonomy-bootcamp-2025-p2\modules\heartbeat\heartbeat_receiver_worker.py | heartbeat_receiver_worker | 64] Current state: Disconnected
20:40:22: [INFO] [C:\Users\saman\OneDrive\Documents\GitHub\ss-autonomy-bootcamp-2025-p2\modules\heartbeat\heartbeat_receiver.py | run | 60] Reconnected
20:40:22: [INFO] [C:\Users\saman\OneDrive\Documents\GitHub\ss-autonomy-bootcamp-2025-p2\modules\heartbeat\heartbeat_receiver.py | run | 63] Status: Connected
20:40:23: [INFO] [C:\Users\saman\OneDrive\Documents\GitHub\ss-autonomy-bootcamp-2025-p2\modules\heartbeat\heartbeat_receiver_worker.py | heartbeat_receiver_worker | 64] Current state: Connected
20:40:23: [WARNING] [C:\Users\saman\OneDrive\Documents\GitHub\ss-autonomy-bootcamp-2025-p2\modules\heartbeat\heartbeat_receiver.py | run | 66] Did not receive heartbeat. Count: 1
20:40:24: [INFO] [C:\Users\saman\OneDrive\Documents\GitHub\ss-autonomy-bootcamp-2025-p2\modules\heartbeat\heartbeat_receiver_worker.py | heartbeat_receiver_worker | 64] Current state: Disconnected
